2025-10-27 00:36:20,335 - aqt.main - INFO - installer 140296732736384 aqtinstall(aqt) v3.1.21 on Python 3.11.13 [CPython GCC 13.3.0]
2025-10-27 00:36:20,335 - aqt.helper - DEBUG - helper 140296732736384 Attempt to download checksum at https://download.qt.io/online/qtsdkrepository/linux_x64/desktop/qt6_683/qt6_683/Updates.xml.sha256
2025-10-27 00:36:21,576 - aqt.helper - DEBUG - helper 140296732736384 Attempt to download checksum at https://download.qt.io/online/qtsdkrepository/linux_x64/extensions/qtwebengine/683/x86_64/Updates.xml.sha256
2025-10-27 00:36:22,735 - aqt.archives - INFO - archives 140296732736384 Found extension qtwebengine
2025-10-27 00:36:22,736 - aqt.helper - DEBUG - helper 140296732736384 Attempt to download checksum at https://download.qt.io/online/qtsdkrepository/linux_x64/extensions/qtpdf/683/x86_64/Updates.xml.sha256
2025-10-27 00:36:24,237 - aqt.archives - INFO - archives 140296732736384 Found extension qtpdf
2025-10-27 00:36:24,755 - aqt.helper - DEBUG - helper 139993504521088 Attempt to download checksum at https://download.qt.io/online/qtsdkrepository/linux_x64/desktop/qt6_683/qt6_683/qt.qt6.683.linux_gcc_64/6.8.3-0-202503201345qtbase-Linux-RHEL_8_10-GCC-Linux-RHEL_8_10-X86_64.7z.sha256
2025-10-27 00:36:24,758 - aqt.helper - DEBUG - helper 140250842241920 Attempt to download checksum at https://download.qt.io/online/qtsdkrepository/linux_x64/desktop/qt6_683/qt6_683/qt.qt6.683.linux_gcc_64/6.8.3-0-202503201345qtdeclarative-Linux-RHEL_8_10-GCC-Linux-RHEL_8_10-X86_64.7z.sha256
2025-10-27 00:36:24,758 - aqt.helper - DEBUG - helper 140166589508480 Attempt to download checksum at https://download.qt.io/online/qtsdkrepository/linux_x64/desktop/qt6_683/qt6_683/qt.qt6.683.linux_gcc_64/6.8.3-0-202503201345qtsvg-Linux-RHEL_8_10-GCC-Linux-RHEL_8_10-X86_64.7z.sha256
2025-10-27 00:36:24,761 - aqt.helper - DEBUG - helper 140586059139968 Attempt to download checksum at https://download.qt.io/online/qtsdkrepository/linux_x64/desktop/qt6_683/qt6_683/qt.qt6.683.linux_gcc_64/6.8.3-0-202503201345qttools-Linux-RHEL_8_10-GCC-Linux-RHEL_8_10-X86_64.7z.sha256
2025-10-27 00:36:25,387 - aqt.helper - INFO - helper 140166589508480 Downloading qtsvg...
2025-10-27 00:36:25,387 - aqt.installer - DEBUG - installer 140166589508480 Download URL: https://download.qt.io/online/qtsdkrepository/linux_x64/desktop/qt6_683/qt6_683/qt.qt6.683.linux_gcc_64/6.8.3-0-202503201345qtsvg-Linux-RHEL_8_10-GCC-Linux-RHEL_8_10-X86_64.7z
2025-10-27 00:36:25,473 - aqt.helper - INFO - helper 140250842241920 Downloading qtdeclarative...
2025-10-27 00:36:25,473 - aqt.installer - DEBUG - installer 140250842241920 Download URL: https://download.qt.io/online/qtsdkrepository/linux_x64/desktop/qt6_683/qt6_683/qt.qt6.683.linux_gcc_64/6.8.3-0-202503201345qtdeclarative-Linux-RHEL_8_10-GCC-Linux-RHEL_8_10-X86_64.7z
2025-10-27 00:36:25,477 - aqt.helper - INFO - helper 139993504521088 Downloading qtbase...
2025-10-27 00:36:25,477 - aqt.installer - DEBUG - installer 139993504521088 Download URL: https://download.qt.io/online/qtsdkrepository/linux_x64/desktop/qt6_683/qt6_683/qt.qt6.683.linux_gcc_64/6.8.3-0-202503201345qtbase-Linux-RHEL_8_10-GCC-Linux-RHEL_8_10-X86_64.7z
2025-10-27 00:36:25,513 - aqt.helper - INFO - helper 140586059139968 Downloading qttools...
2025-10-27 00:36:25,513 - aqt.installer - DEBUG - installer 140586059139968 Download URL: https://download.qt.io/online/qtsdkrepository/linux_x64/desktop/qt6_683/qt6_683/qt.qt6.683.linux_gcc_64/6.8.3-0-202503201345qttools-Linux-RHEL_8_10-GCC-Linux-RHEL_8_10-X86_64.7z
2025-10-27 00:36:26,003 - aqt.helper - DEBUG - helper 140250842241920 Asked to redirect(302) to: https://qt.mirror.constant.com/online/qtsdkrepository/linux_x64/desktop/qt6_683/qt6_683/qt.qt6.683.linux_gcc_64/6.8.3-0-202503201345qtdeclarative-Linux-RHEL_8_10-GCC-Linux-RHEL_8_10-X86_64.7z
2025-10-27 00:36:26,004 - aqt.helper - INFO - helper 140250842241920 Redirected: qt.mirror.constant.com
2025-10-27 00:36:26,020 - aqt.helper - DEBUG - helper 140166589508480 Asked to redirect(302) to: https://qt.mirror.constant.com/online/qtsdkrepository/linux_x64/desktop/qt6_683/qt6_683/qt.qt6.683.linux_gcc_64/6.8.3-0-202503201345qtsvg-Linux-RHEL_8_10-GCC-Linux-RHEL_8_10-X86_64.7z
2025-10-27 00:36:26,020 - aqt.helper - INFO - helper 140166589508480 Redirected: qt.mirror.constant.com
2025-10-27 00:36:26,020 - aqt.helper - DEBUG - helper 139993504521088 Asked to redirect(302) to: https://qt.mirror.constant.com/online/qtsdkrepository/linux_x64/desktop/qt6_683/qt6_683/qt.qt6.683.linux_gcc_64/6.8.3-0-202503201345qtbase-Linux-RHEL_8_10-GCC-Linux-RHEL_8_10-X86_64.7z
2025-10-27 00:36:26,021 - aqt.helper - INFO - helper 139993504521088 Redirected: qt.mirror.constant.com
2025-10-27 00:36:26,089 - aqt.helper - DEBUG - helper 140586059139968 Asked to redirect(302) to: https://qt.mirror.constant.com/online/qtsdkrepository/linux_x64/desktop/qt6_683/qt6_683/qt.qt6.683.linux_gcc_64/6.8.3-0-202503201345qttools-Linux-RHEL_8_10-GCC-Linux-RHEL_8_10-X86_64.7z
2025-10-27 00:36:26,089 - aqt.helper - INFO - helper 140586059139968 Redirected: qt.mirror.constant.com
2025-10-27 00:36:26,423 - aqt.installer - INFO - installer 140166589508480 Finished installation of qtsvg-Linux-RHEL_8_10-GCC-Linux-RHEL_8_10-X86_64.7z in 1.66762303
2025-10-27 00:36:26,437 - aqt.helper - DEBUG - helper 140166589508480 Attempt to download checksum at https://download.qt.io/online/qtsdkrepository/linux_x64/desktop/qt6_683/qt6_683/qt.qt6.683.linux_gcc_64/6.8.3-0-202503201345qttranslations-Linux-RHEL_8_10-GCC-Linux-RHEL_8_10-X86_64.7z.sha256
2025-10-27 00:36:27,072 - aqt.helper - INFO - helper 140166589508480 Downloading qttranslations...
2025-10-27 00:36:27,073 - aqt.installer - DEBUG - installer 140166589508480 Download URL: https://download.qt.io/online/qtsdkrepository/linux_x64/desktop/qt6_683/qt6_683/qt.qt6.683.linux_gcc_64/6.8.3-0-202503201345qttranslations-Linux-RHEL_8_10-GCC-Linux-RHEL_8_10-X86_64.7z
2025-10-27 00:36:27,689 - aqt.helper - DEBUG - helper 140166589508480 Asked to redirect(302) to: https://qt.mirror.constant.com/online/qtsdkrepository/linux_x64/desktop/qt6_683/qt6_683/qt.qt6.683.linux_gcc_64/6.8.3-0-202503201345qttranslations-Linux-RHEL_8_10-GCC-Linux-RHEL_8_10-X86_64.7z
2025-10-27 00:36:27,689 - aqt.helper - INFO - helper 140166589508480 Redirected: qt.mirror.constant.com
2025-10-27 00:36:28,089 - aqt.installer - INFO - installer 140166589508480 Finished installation of qttranslations-Linux-RHEL_8_10-GCC-Linux-RHEL_8_10-X86_64.7z in 1.65318486
2025-10-27 00:36:28,116 - aqt.helper - DEBUG - helper 140166589508480 Attempt to download checksum at https://download.qt.io/online/qtsdkrepository/linux_x64/desktop/qt6_683/qt6_683/qt.qt6.683.linux_gcc_64/6.8.3-0-202503201345qtwayland-Linux-RHEL_8_10-GCC-Linux-RHEL_8_10-X86_64.7z.sha256
2025-10-27 00:36:28,661 - aqt.helper - INFO - helper 140166589508480 Downloading qtwayland...
2025-10-27 00:36:28,662 - aqt.installer - DEBUG - installer 140166589508480 Download URL: https://download.qt.io/online/qtsdkrepository/linux_x64/desktop/qt6_683/qt6_683/qt.qt6.683.linux_gcc_64/6.8.3-0-202503201345qtwayland-Linux-RHEL_8_10-GCC-Linux-RHEL_8_10-X86_64.7z
2025-10-27 00:36:29,207 - aqt.helper - DEBUG - helper 140166589508480 Asked to redirect(302) to: https://qt.mirror.constant.com/online/qtsdkrepository/linux_x64/desktop/qt6_683/qt6_683/qt.qt6.683.linux_gcc_64/6.8.3-0-202503201345qtwayland-Linux-RHEL_8_10-GCC-Linux-RHEL_8_10-X86_64.7z
2025-10-27 00:36:29,207 - aqt.helper - INFO - helper 140166589508480 Redirected: qt.mirror.constant.com
2025-10-27 00:36:29,479 - aqt.installer - INFO - installer 140166589508480 Finished installation of qtwayland-Linux-RHEL_8_10-GCC-Linux-RHEL_8_10-X86_64.7z in 1.36560744
2025-10-27 00:36:29,496 - aqt.helper - DEBUG - helper 140166589508480 Attempt to download checksum at https://download.qt.io/online/qtsdkrepository/linux_x64/desktop/qt6_683/qt6_683/qt.qt6.683.linux_gcc_64/6.8.3-0-202503201345icu-linux-Rhel8.6-x86_64.7z.sha256
2025-10-27 00:36:29,694 - aqt.installer - INFO - installer 140586059139968 Finished installation of qttools-Linux-RHEL_8_10-GCC-Linux-RHEL_8_10-X86_64.7z in 4.93417865
2025-10-27 00:36:30,040 - aqt.helper - INFO - helper 140166589508480 Downloading icu...
2025-10-27 00:36:30,040 - aqt.installer - DEBUG - installer 140166589508480 Download URL: https://download.qt.io/online/qtsdkrepository/linux_x64/desktop/qt6_683/qt6_683/qt.qt6.683.linux_gcc_64/6.8.3-0-202503201345icu-linux-Rhel8.6-x86_64.7z
2025-10-27 00:36:30,384 - aqt.installer - INFO - installer 139993504521088 Finished installation of qtbase-Linux-RHEL_8_10-GCC-Linux-RHEL_8_10-X86_64.7z in 5.63189025
2025-10-27 00:36:30,666 - aqt.helper - DEBUG - helper 140166589508480 Asked to redirect(302) to: https://qt.mirror.constant.com/online/qtsdkrepository/linux_x64/desktop/qt6_683/qt6_683/qt.qt6.683.linux_gcc_64/6.8.3-0-202503201345icu-linux-Rhel8.6-x86_64.7z
2025-10-27 00:36:30,666 - aqt.helper - INFO - helper 140166589508480 Redirected: qt.mirror.constant.com
2025-10-27 00:36:31,475 - aqt.installer - INFO - installer 140166589508480 Finished installation of icu-linux-Rhel8.6-x86_64.7z in 1.98085564
2025-10-27 00:36:39,277 - aqt.installer - INFO - installer 140250842241920 Finished installation of qtdeclarative-Linux-RHEL_8_10-GCC-Linux-RHEL_8_10-X86_64.7z in 14.52140083
2025-10-27 00:36:39,375 - aqt.updater - INFO - updater 140296732736384 Patching /home/runner/work/FreeCAD/Qt/6.8.3/gcc_64/bin/qmake
2025-10-27 00:36:39,379 - aqt.updater - INFO - updater 140296732736384 Patching /home/runner/work/FreeCAD/Qt/6.8.3/gcc_64/lib/pkgconfig/Qt6Sql.pc
2025-10-27 00:36:39,379 - aqt.updater - INFO - updater 140296732736384 Patching /home/runner/work/FreeCAD/Qt/6.8.3/gcc_64/lib/pkgconfig/Qt6Core.pc
2025-10-27 00:36:39,379 - aqt.updater - INFO - updater 140296732736384 Patching /home/runner/work/FreeCAD/Qt/6.8.3/gcc_64/lib/pkgconfig/Qt6SvgWidgets.pc
2025-10-27 00:36:39,380 - aqt.updater - INFO - updater 140296732736384 Patching /home/runner/work/FreeCAD/Qt/6.8.3/gcc_64/lib/pkgconfig/Qt6DBus.pc
2025-10-27 00:36:39,380 - aqt.updater - INFO - updater 140296732736384 Patching /home/runner/work/FreeCAD/Qt/6.8.3/gcc_64/lib/pkgconfig/Qt6Platform.pc
2025-10-27 00:36:39,380 - aqt.updater - INFO - updater 140296732736384 Patching /home/runner/work/FreeCAD/Qt/6.8.3/gcc_64/lib/pkgconfig/Qt6Qml.pc
2025-10-27 00:36:39,380 - aqt.updater - INFO - updater 140296732736384 Patching /home/runner/work/FreeCAD/Qt/6.8.3/gcc_64/lib/pkgconfig/Qt6UiPlugin.pc
2025-10-27 00:36:39,381 - aqt.updater - INFO - updater 140296732736384 Patching /home/runner/work/FreeCAD/Qt/6.8.3/gcc_64/lib/pkgconfig/Qt6QuickControls2UniversalStyleImpl.pc
2025-10-27 00:36:39,381 - aqt.updater - INFO - updater 140296732736384 Patching /home/runner/work/FreeCAD/Qt/6.8.3/gcc_64/lib/pkgconfig/Qt6QuickControls2BasicStyleImpl.pc
2025-10-27 00:36:39,381 - aqt.updater - INFO - updater 140296732736384 Patching /home/runner/work/FreeCAD/Qt/6.8.3/gcc_64/lib/pkgconfig/Qt6QuickControls2.pc
2025-10-27 00:36:39,381 - aqt.updater - INFO - updater 140296732736384 Patching /home/runner/work/FreeCAD/Qt/6.8.3/gcc_64/lib/pkgconfig/Qt6QuickControls2Fusion.pc
2025-10-27 00:36:39,382 - aqt.updater - INFO - updater 140296732736384 Patching /home/runner/work/FreeCAD/Qt/6.8.3/gcc_64/lib/pkgconfig/Qt6Network.pc
2025-10-27 00:36:39,382 - aqt.updater - INFO - updater 140296732736384 Patching /home/runner/work/FreeCAD/Qt/6.8.3/gcc_64/lib/pkgconfig/Qt6Help.pc
2025-10-27 00:36:39,382 - aqt.updater - INFO - updater 140296732736384 Patching /home/runner/work/FreeCAD/Qt/6.8.3/gcc_64/lib/pkgconfig/Qt6LabsWavefrontMesh.pc
2025-10-27 00:36:39,382 - aqt.updater - INFO - updater 140296732736384 Patching /home/runner/work/FreeCAD/Qt/6.8.3/gcc_64/lib/pkgconfig/Qt6QuickWidgets.pc
2025-10-27 00:36:39,383 - aqt.updater - INFO - updater 140296732736384 Patching /home/runner/work/FreeCAD/Qt/6.8.3/gcc_64/lib/pkgconfig/Qt6QuickDialogs2.pc
2025-10-27 00:36:39,383 - aqt.updater - INFO - updater 140296732736384 Patching /home/runner/work/FreeCAD/Qt/6.8.3/gcc_64/lib/pkgconfig/Qt6QuickControls2Material.pc
2025-10-27 00:36:39,383 - aqt.updater - INFO - updater 140296732736384 Patching /home/runner/work/FreeCAD/Qt/6.8.3/gcc_64/lib/pkgconfig/Qt6Xml.pc
2025-10-27 00:36:39,383 - aqt.updater - INFO - updater 140296732736384 Patching /home/runner/work/FreeCAD/Qt/6.8.3/gcc_64/lib/pkgconfig/Qt6QuickTemplates2.pc
2025-10-27 00:36:39,383 - aqt.updater - INFO - updater 140296732736384 Patching /home/runner/work/FreeCAD/Qt/6.8.3/gcc_64/lib/pkgconfig/Qt6UiTools.pc
2025-10-27 00:36:39,384 - aqt.updater - INFO - updater 140296732736384 Patching /home/runner/work/FreeCAD/Qt/6.8.3/gcc_64/lib/pkgconfig/Qt6Gui.pc
2025-10-27 00:36:39,384 - aqt.updater - INFO - updater 140296732736384 Patching /home/runner/work/FreeCAD/Qt/6.8.3/gcc_64/lib/pkgconfig/Qt6QuickControls2FluentWinUI3StyleImpl.pc
2025-10-27 00:36:39,384 - aqt.updater - INFO - updater 140296732736384 Patching /home/runner/work/FreeCAD/Qt/6.8.3/gcc_64/lib/pkgconfig/Qt6Designer.pc
2025-10-27 00:36:39,384 - aqt.updater - INFO - updater 140296732736384 Patching /home/runner/work/FreeCAD/Qt/6.8.3/gcc_64/lib/pkgconfig/Qt6QuickLayouts.pc
2025-10-27 00:36:39,385 - aqt.updater - INFO - updater 140296732736384 Patching /home/runner/work/FreeCAD/Qt/6.8.3/gcc_64/lib/pkgconfig/Qt6QmlIntegration.pc
2025-10-27 00:36:39,385 - aqt.updater - INFO - updater 140296732736384 Patching /home/runner/work/FreeCAD/Qt/6.8.3/gcc_64/lib/pkgconfig/Qt6PrintSupport.pc
2025-10-27 00:36:39,385 - aqt.updater - INFO - updater 140296732736384 Patching /home/runner/work/FreeCAD/Qt/6.8.3/gcc_64/lib/pkgconfig/Qt6LabsAnimation.pc
2025-10-27 00:36:39,385 - aqt.updater - INFO - updater 140296732736384 Patching /home/runner/work/FreeCAD/Qt/6.8.3/gcc_64/lib/pkgconfig/Qt6LabsSettings.pc
2025-10-27 00:36:39,385 - aqt.updater - INFO - updater 140296732736384 Patching /home/runner/work/FreeCAD/Qt/6.8.3/gcc_64/lib/pkgconfig/Qt6QuickControls2Universal.pc
2025-10-27 00:36:39,386 - aqt.updater - INFO - updater 140296732736384 Patching /home/runner/work/FreeCAD/Qt/6.8.3/gcc_64/lib/pkgconfig/Qt6Linguist.pc
2025-10-27 00:36:39,386 - aqt.updater - INFO - updater 140296732736384 Patching /home/runner/work/FreeCAD/Qt/6.8.3/gcc_64/lib/pkgconfig/Qt6QmlNetwork.pc
2025-10-27 00:36:39,386 - aqt.updater - INFO - updater 140296732736384 Patching /home/runner/work/FreeCAD/Qt/6.8.3/gcc_64/lib/pkgconfig/Qt6LabsFolderListModel.pc
2025-10-27 00:36:39,386 - aqt.updater - INFO - updater 140296732736384 Patching /home/runner/work/FreeCAD/Qt/6.8.3/gcc_64/lib/pkgconfig/Qt6QmlAssetDownloader.pc
2025-10-27 00:36:39,387 - aqt.updater - INFO - updater 140296732736384 Patching /home/runner/work/FreeCAD/Qt/6.8.3/gcc_64/lib/pkgconfig/Qt6QmlXmlListModel.pc
2025-10-27 00:36:39,387 - aqt.updater - INFO - updater 140296732736384 Patching /home/runner/work/FreeCAD/Qt/6.8.3/gcc_64/lib/pkgconfig/Qt6Concurrent.pc
2025-10-27 00:36:39,387 - aqt.updater - INFO - updater 140296732736384 Patching /home/runner/work/FreeCAD/Qt/6.8.3/gcc_64/lib/pkgconfig/Qt6OpenGL.pc
2025-10-27 00:36:39,387 - aqt.updater - INFO - updater 140296732736384 Patching /home/runner/work/FreeCAD/Qt/6.8.3/gcc_64/lib/pkgconfig/Qt6LabsQmlModels.pc
2025-10-27 00:36:39,388 - aqt.updater - INFO - updater 140296732736384 Patching /home/runner/work/FreeCAD/Qt/6.8.3/gcc_64/lib/pkgconfig/Qt6QuickVectorImage.pc
2025-10-27 00:36:39,388 - aqt.updater - INFO - updater 140296732736384 Patching /home/runner/work/FreeCAD/Qt/6.8.3/gcc_64/lib/pkgconfig/Qt6QuickControls2Imagine.pc
2025-10-27 00:36:39,388 - aqt.updater - INFO - updater 140296732736384 Patching /home/runner/work/FreeCAD/Qt/6.8.3/gcc_64/lib/pkgconfig/Qt6WaylandClient.pc
2025-10-27 00:36:39,388 - aqt.updater - INFO - updater 140296732736384 Patching /home/runner/work/FreeCAD/Qt/6.8.3/gcc_64/lib/pkgconfig/Qt6Svg.pc
2025-10-27 00:36:39,388 - aqt.updater - INFO - updater 140296732736384 Patching /home/runner/work/FreeCAD/Qt/6.8.3/gcc_64/lib/pkgconfig/Qt6QuickControls2MaterialStyleImpl.pc
2025-10-27 00:36:39,389 - aqt.updater - INFO - updater 140296732736384 Patching /home/runner/work/FreeCAD/Qt/6.8.3/gcc_64/lib/pkgconfig/Qt6QmlMeta.pc
2025-10-27 00:36:39,389 - aqt.updater - INFO - updater 140296732736384 Patching /home/runner/work/FreeCAD/Qt/6.8.3/gcc_64/lib/pkgconfig/Qt6Test.pc
2025-10-27 00:36:39,389 - aqt.updater - INFO - updater 140296732736384 Patching /home/runner/work/FreeCAD/Qt/6.8.3/gcc_64/lib/pkgconfig/Qt6Quick.pc
2025-10-27 00:36:39,389 - aqt.updater - INFO - updater 140296732736384 Patching /home/runner/work/FreeCAD/Qt/6.8.3/gcc_64/lib/pkgconfig/Qt6LabsPlatform.pc
2025-10-27 00:36:39,389 - aqt.updater - INFO - updater 140296732736384 Patching /home/runner/work/FreeCAD/Qt/6.8.3/gcc_64/lib/pkgconfig/Qt6QmlLocalStorage.pc
2025-10-27 00:36:39,390 - aqt.updater - INFO - updater 140296732736384 Patching /home/runner/work/FreeCAD/Qt/6.8.3/gcc_64/lib/pkgconfig/Qt6Widgets.pc
2025-10-27 00:36:39,390 - aqt.updater - INFO - updater 140296732736384 Patching /home/runner/work/FreeCAD/Qt/6.8.3/gcc_64/lib/pkgconfig/Qt6QmlCore.pc
2025-10-27 00:36:39,390 - aqt.updater - INFO - updater 140296732736384 Patching /home/runner/work/FreeCAD/Qt/6.8.3/gcc_64/lib/pkgconfig/Qt6LabsSharedImage.pc
2025-10-27 00:36:39,390 - aqt.updater - INFO - updater 140296732736384 Patching /home/runner/work/FreeCAD/Qt/6.8.3/gcc_64/lib/pkgconfig/Qt6OpenGLWidgets.pc
2025-10-27 00:36:39,391 - aqt.updater - INFO - updater 140296732736384 Patching /home/runner/work/FreeCAD/Qt/6.8.3/gcc_64/lib/pkgconfig/Qt6QuickControls2Impl.pc
2025-10-27 00:36:39,391 - aqt.updater - INFO - updater 140296732736384 Patching /home/runner/work/FreeCAD/Qt/6.8.3/gcc_64/lib/pkgconfig/Qt6QmlCompiler.pc
2025-10-27 00:36:39,391 - aqt.updater - INFO - updater 140296732736384 Patching /home/runner/work/FreeCAD/Qt/6.8.3/gcc_64/lib/pkgconfig/Qt6QuickDialogs2Utils.pc
2025-10-27 00:36:39,391 - aqt.updater - INFO - updater 140296732736384 Patching /home/runner/work/FreeCAD/Qt/6.8.3/gcc_64/lib/pkgconfig/Qt6QuickDialogs2QuickImpl.pc
2025-10-27 00:36:39,391 - aqt.updater - INFO - updater 140296732736384 Patching /home/runner/work/FreeCAD/Qt/6.8.3/gcc_64/lib/pkgconfig/Qt6QuickControls2Basic.pc
2025-10-27 00:36:39,392 - aqt.updater - INFO - updater 140296732736384 Patching /home/runner/work/FreeCAD/Qt/6.8.3/gcc_64/lib/pkgconfig/Qt6QuickControls2FusionStyleImpl.pc
2025-10-27 00:36:39,392 - aqt.updater - INFO - updater 140296732736384 Patching /home/runner/work/FreeCAD/Qt/6.8.3/gcc_64/lib/pkgconfig/Qt6QmlWorkerScript.pc
2025-10-27 00:36:39,392 - aqt.updater - INFO - updater 140296732736384 Patching /home/runner/work/FreeCAD/Qt/6.8.3/gcc_64/lib/pkgconfig/Qt6QuickTest.pc
2025-10-27 00:36:39,392 - aqt.updater - INFO - updater 140296732736384 Patching /home/runner/work/FreeCAD/Qt/6.8.3/gcc_64/lib/pkgconfig/Qt6QuickControls2ImagineStyleImpl.pc
2025-10-27 00:36:39,393 - aqt.updater - INFO - updater 140296732736384 Patching /home/runner/work/FreeCAD/Qt/6.8.3/gcc_64/lib/pkgconfig/Qt6QmlModels.pc
2025-10-27 00:36:39,394 - aqt.updater - INFO - updater 140296732736384 Patching /home/runner/work/FreeCAD/Qt/6.8.3/gcc_64/lib/libQt6Svg.prl
2025-10-27 00:36:39,394 - aqt.updater - INFO - updater 140296732736384 Patching /home/runner/work/FreeCAD/Qt/6.8.3/gcc_64/lib/libQt6OpenGL.prl
2025-10-27 00:36:39,394 - aqt.updater - INFO - updater 140296732736384 Patching /home/runner/work/FreeCAD/Qt/6.8.3/gcc_64/lib/libQt6QmlLocalStorage.prl
2025-10-27 00:36:39,394 - aqt.updater - INFO - updater 140296732736384 Patching /home/runner/work/FreeCAD/Qt/6.8.3/gcc_64/lib/libQt6QuickEffects.prl
2025-10-27 00:36:39,394 - aqt.updater - INFO - updater 140296732736384 Patching /home/runner/work/FreeCAD/Qt/6.8.3/gcc_64/lib/libQt6Gui.prl
2025-10-27 00:36:39,395 - aqt.updater - INFO - updater 140296732736384 Patching /home/runner/work/FreeCAD/Qt/6.8.3/gcc_64/lib/libQt6Network.prl
2025-10-27 00:36:39,395 - aqt.updater - INFO - updater 140296732736384 Patching /home/runner/work/FreeCAD/Qt/6.8.3/gcc_64/lib/libQt6QuickControls2FluentWinUI3StyleImpl.prl
2025-10-27 00:36:39,395 - aqt.updater - INFO - updater 140296732736384 Patching /home/runner/work/FreeCAD/Qt/6.8.3/gcc_64/lib/libQt6WaylandEglClientHwIntegration.prl
2025-10-27 00:36:39,395 - aqt.updater - INFO - updater 140296732736384 Patching /home/runner/work/FreeCAD/Qt/6.8.3/gcc_64/lib/libQt6Quick.prl
2025-10-27 00:36:39,396 - aqt.updater - INFO - updater 140296732736384 Patching /home/runner/work/FreeCAD/Qt/6.8.3/gcc_64/lib/libQt6QuickVectorImage.prl
2025-10-27 00:36:39,396 - aqt.updater - INFO - updater 140296732736384 Patching /home/runner/work/FreeCAD/Qt/6.8.3/gcc_64/lib/libQt6QuickControls2.prl
2025-10-27 00:36:39,396 - aqt.updater - INFO - updater 140296732736384 Patching /home/runner/work/FreeCAD/Qt/6.8.3/gcc_64/lib/libQt6QuickControls2BasicStyleImpl.prl
2025-10-27 00:36:39,396 - aqt.updater - INFO - updater 140296732736384 Patching /home/runner/work/FreeCAD/Qt/6.8.3/gcc_64/lib/libQt6QmlNetwork.prl
2025-10-27 00:36:39,396 - aqt.updater - INFO - updater 140296732736384 Patching /home/runner/work/FreeCAD/Qt/6.8.3/gcc_64/lib/libQt6ExampleIcons.prl
2025-10-27 00:36:39,397 - aqt.updater - INFO - updater 140296732736384 Patching /home/runner/work/FreeCAD/Qt/6.8.3/gcc_64/lib/libQt6WlShellIntegration.prl
2025-10-27 00:36:39,397 - aqt.updater - INFO - updater 140296732736384 Patching /home/runner/work/FreeCAD/Qt/6.8.3/gcc_64/lib/libQt6LabsQmlModels.prl
2025-10-27 00:36:39,397 - aqt.updater - INFO - updater 140296732736384 Patching /home/runner/work/FreeCAD/Qt/6.8.3/gcc_64/lib/libQt6QuickDialogs2.prl
2025-10-27 00:36:39,397 - aqt.updater - INFO - updater 140296732736384 Patching /home/runner/work/FreeCAD/Qt/6.8.3/gcc_64/lib/libQt6QuickVectorImageGenerator.prl
2025-10-27 00:36:39,398 - aqt.updater - INFO - updater 140296732736384 Patching /home/runner/work/FreeCAD/Qt/6.8.3/gcc_64/lib/libQt6DesignerComponents.prl
2025-10-27 00:36:39,398 - aqt.updater - INFO - updater 140296732736384 Patching /home/runner/work/FreeCAD/Qt/6.8.3/gcc_64/lib/libQt6FbSupport.prl
2025-10-27 00:36:39,398 - aqt.updater - INFO - updater 140296732736384 Patching /home/runner/work/FreeCAD/Qt/6.8.3/gcc_64/lib/libQt6SvgWidgets.prl
2025-10-27 00:36:39,398 - aqt.updater - INFO - updater 140296732736384 Patching /home/runner/work/FreeCAD/Qt/6.8.3/gcc_64/lib/libQt6QuickWidgets.prl
2025-10-27 00:36:39,399 - aqt.updater - INFO - updater 140296732736384 Patching /home/runner/work/FreeCAD/Qt/6.8.3/gcc_64/lib/libQt6QmlMeta.prl
2025-10-27 00:36:39,399 - aqt.updater - INFO - updater 140296732736384 Patching /home/runner/work/FreeCAD/Qt/6.8.3/gcc_64/lib/libQt6QmlWorkerScript.prl
2025-10-27 00:36:39,399 - aqt.updater - INFO - updater 140296732736384 Patching /home/runner/work/FreeCAD/Qt/6.8.3/gcc_64/lib/libQt6LabsFolderListModel.prl
2025-10-27 00:36:39,399 - aqt.updater - INFO - updater 140296732736384 Patching /home/runner/work/FreeCAD/Qt/6.8.3/gcc_64/lib/libQt6QuickDialogs2Utils.prl
2025-10-27 00:36:39,399 - aqt.updater - INFO - updater 140296732736384 Patching /home/runner/work/FreeCAD/Qt/6.8.3/gcc_64/lib/libQt6QuickControls2ImagineStyleImpl.prl
2025-10-27 00:36:39,400 - aqt.updater - INFO - updater 140296732736384 Patching /home/runner/work/FreeCAD/Qt/6.8.3/gcc_64/lib/libQt6QmlToolingSettings.prl
2025-10-27 00:36:39,400 - aqt.updater - INFO - updater 140296732736384 Patching /home/runner/work/FreeCAD/Qt/6.8.3/gcc_64/lib/libQt6QmlLS.prl
2025-10-27 00:36:39,400 - aqt.updater - INFO - updater 140296732736384 Patching /home/runner/work/FreeCAD/Qt/6.8.3/gcc_64/lib/libQt6QuickTest.prl
2025-10-27 00:36:39,400 - aqt.updater - INFO - updater 140296732736384 Patching /home/runner/work/FreeCAD/Qt/6.8.3/gcc_64/lib/libQt6QuickControlsTestUtils.prl
2025-10-27 00:36:39,401 - aqt.updater - INFO - updater 140296732736384 Patching /home/runner/work/FreeCAD/Qt/6.8.3/gcc_64/lib/libQt6Concurrent.prl
2025-10-27 00:36:39,401 - aqt.updater - INFO - updater 140296732736384 Patching /home/runner/work/FreeCAD/Qt/6.8.3/gcc_64/lib/libQt6KmsSupport.prl
2025-10-27 00:36:39,401 - aqt.updater - INFO - updater 140296732736384 Patching /home/runner/work/FreeCAD/Qt/6.8.3/gcc_64/lib/libQt6QuickControls2MaterialStyleImpl.prl
2025-10-27 00:36:39,401 - aqt.updater - INFO - updater 140296732736384 Patching /home/runner/work/FreeCAD/Qt/6.8.3/gcc_64/lib/libQt6Help.prl
2025-10-27 00:36:39,401 - aqt.updater - INFO - updater 140296732736384 Patching /home/runner/work/FreeCAD/Qt/6.8.3/gcc_64/lib/libQt6Xml.prl
2025-10-27 00:36:39,402 - aqt.updater - INFO - updater 140296732736384 Patching /home/runner/work/FreeCAD/Qt/6.8.3/gcc_64/lib/libQt6EglFsKmsGbmSupport.prl
2025-10-27 00:36:39,402 - aqt.updater - INFO - updater 140296732736384 Patching /home/runner/work/FreeCAD/Qt/6.8.3/gcc_64/lib/libQt6DBus.prl
2025-10-27 00:36:39,402 - aqt.updater - INFO - updater 140296732736384 Patching /home/runner/work/FreeCAD/Qt/6.8.3/gcc_64/lib/libQt6QuickDialogs2QuickImpl.prl
2025-10-27 00:36:39,402 - aqt.updater - INFO - updater 140296732736384 Patching /home/runner/work/FreeCAD/Qt/6.8.3/gcc_64/lib/libQt6EglFSDeviceIntegration.prl
2025-10-27 00:36:39,403 - aqt.updater - INFO - updater 140296732736384 Patching /home/runner/work/FreeCAD/Qt/6.8.3/gcc_64/lib/libQt6InputSupport.prl
2025-10-27 00:36:39,403 - aqt.updater - INFO - updater 140296732736384 Patching /home/runner/work/FreeCAD/Qt/6.8.3/gcc_64/lib/libQt6Widgets.prl
2025-10-27 00:36:39,403 - aqt.updater - INFO - updater 140296732736384 Patching /home/runner/work/FreeCAD/Qt/6.8.3/gcc_64/lib/libQt6Sql.prl
2025-10-27 00:36:39,403 - aqt.updater - INFO - updater 140296732736384 Patching /home/runner/work/FreeCAD/Qt/6.8.3/gcc_64/lib/libQt6QuickTestUtils.prl
2025-10-27 00:36:39,403 - aqt.updater - INFO - updater 140296732736384 Patching /home/runner/work/FreeCAD/Qt/6.8.3/gcc_64/lib/libQt6QmlModels.prl
2025-10-27 00:36:39,404 - aqt.updater - INFO - updater 140296732736384 Patching /home/runner/work/FreeCAD/Qt/6.8.3/gcc_64/lib/libQt6QuickControls2Basic.prl
2025-10-27 00:36:39,404 - aqt.updater - INFO - updater 140296732736384 Patching /home/runner/work/FreeCAD/Qt/6.8.3/gcc_64/lib/libQt6QuickTemplates2.prl
2025-10-27 00:36:39,404 - aqt.updater - INFO - updater 140296732736384 Patching /home/runner/work/FreeCAD/Qt/6.8.3/gcc_64/lib/libQt6UiTools.prl
2025-10-27 00:36:39,404 - aqt.updater - INFO - updater 140296732736384 Patching /home/runner/work/FreeCAD/Qt/6.8.3/gcc_64/lib/libQt6QmlDebug.prl
2025-10-27 00:36:39,405 - aqt.updater - INFO - updater 140296732736384 Patching /home/runner/work/FreeCAD/Qt/6.8.3/gcc_64/lib/libQt6QuickControls2Imagine.prl
2025-10-27 00:36:39,405 - aqt.updater - INFO - updater 140296732736384 Patching /home/runner/work/FreeCAD/Qt/6.8.3/gcc_64/lib/libQt6WaylandClient.prl
2025-10-27 00:36:39,405 - aqt.updater - INFO - updater 140296732736384 Patching /home/runner/work/FreeCAD/Qt/6.8.3/gcc_64/lib/libQt6PacketProtocol.prl
2025-10-27 00:36:39,405 - aqt.updater - INFO - updater 140296732736384 Patching /home/runner/work/FreeCAD/Qt/6.8.3/gcc_64/lib/libQt6OpenGLWidgets.prl
2025-10-27 00:36:39,405 - aqt.updater - INFO - updater 140296732736384 Patching /home/runner/work/FreeCAD/Qt/6.8.3/gcc_64/lib/libQt6LabsPlatform.prl
2025-10-27 00:36:39,406 - aqt.updater - INFO - updater 140296732736384 Patching /home/runner/work/FreeCAD/Qt/6.8.3/gcc_64/lib/libQt6Core.prl
2025-10-27 00:36:39,406 - aqt.updater - INFO - updater 140296732736384 Patching /home/runner/work/FreeCAD/Qt/6.8.3/gcc_64/lib/libQt6QuickControls2FusionStyleImpl.prl
2025-10-27 00:36:39,406 - aqt.updater - INFO - updater 140296732736384 Patching /home/runner/work/FreeCAD/Qt/6.8.3/gcc_64/lib/libQt6LabsSettings.prl
2025-10-27 00:36:39,406 - aqt.updater - INFO - updater 140296732736384 Patching /home/runner/work/FreeCAD/Qt/6.8.3/gcc_64/lib/libQt6QmlDom.prl
2025-10-27 00:36:39,406 - aqt.updater - INFO - updater 140296732736384 Patching /home/runner/work/FreeCAD/Qt/6.8.3/gcc_64/lib/libQt6Qml.prl
2025-10-27 00:36:39,407 - aqt.updater - INFO - updater 140296732736384 Patching /home/runner/work/FreeCAD/Qt/6.8.3/gcc_64/lib/libQt6QuickControls2UniversalStyleImpl.prl
2025-10-27 00:36:39,407 - aqt.updater - INFO - updater 140296732736384 Patching /home/runner/work/FreeCAD/Qt/6.8.3/gcc_64/lib/libQt6QuickLayouts.prl
2025-10-27 00:36:39,407 - aqt.updater - INFO - updater 140296732736384 Patching /home/runner/work/FreeCAD/Qt/6.8.3/gcc_64/lib/libQt6QuickControls2Impl.prl
2025-10-27 00:36:39,407 - aqt.updater - INFO - updater 140296732736384 Patching /home/runner/work/FreeCAD/Qt/6.8.3/gcc_64/lib/libQt6XcbQpa.prl
2025-10-27 00:36:39,408 - aqt.updater - INFO - updater 140296732736384 Patching /home/runner/work/FreeCAD/Qt/6.8.3/gcc_64/lib/libQt6QuickShapes.prl
2025-10-27 00:36:39,408 - aqt.updater - INFO - updater 140296732736384 Patching /home/runner/work/FreeCAD/Qt/6.8.3/gcc_64/lib/libQt6DeviceDiscoverySupport.prl
2025-10-27 00:36:39,408 - aqt.updater - INFO - updater 140296732736384 Patching /home/runner/work/FreeCAD/Qt/6.8.3/gcc_64/lib/libQt6QmlCompiler.prl
2025-10-27 00:36:39,408 - aqt.updater - INFO - updater 140296732736384 Patching /home/runner/work/FreeCAD/Qt/6.8.3/gcc_64/lib/libQt6QuickParticles.prl
2025-10-27 00:36:39,408 - aqt.updater - INFO - updater 140296732736384 Patching /home/runner/work/FreeCAD/Qt/6.8.3/gcc_64/lib/libQt6QuickControls2Universal.prl
2025-10-27 00:36:39,409 - aqt.updater - INFO - updater 140296732736384 Patching /home/runner/work/FreeCAD/Qt/6.8.3/gcc_64/lib/libQt6LabsWavefrontMesh.prl
2025-10-27 00:36:39,409 - aqt.updater - INFO - updater 140296732736384 Patching /home/runner/work/FreeCAD/Qt/6.8.3/gcc_64/lib/libQt6QmlXmlListModel.prl
2025-10-27 00:36:39,409 - aqt.updater - INFO - updater 140296732736384 Patching /home/runner/work/FreeCAD/Qt/6.8.3/gcc_64/lib/libQt6EglFsKmsSupport.prl
2025-10-27 00:36:39,409 - aqt.updater - INFO - updater 140296732736384 Patching /home/runner/work/FreeCAD/Qt/6.8.3/gcc_64/lib/libQt6LabsSharedImage.prl
2025-10-27 00:36:39,410 - aqt.updater - INFO - updater 140296732736384 Patching /home/runner/work/FreeCAD/Qt/6.8.3/gcc_64/lib/libQt6PrintSupport.prl
2025-10-27 00:36:39,410 - aqt.updater - INFO - updater 140296732736384 Patching /home/runner/work/FreeCAD/Qt/6.8.3/gcc_64/lib/libQt6QuickControls2Fusion.prl
2025-10-27 00:36:39,410 - aqt.updater - INFO - updater 140296732736384 Patching /home/runner/work/FreeCAD/Qt/6.8.3/gcc_64/lib/libQt6Designer.prl
2025-10-27 00:36:39,410 - aqt.updater - INFO - updater 140296732736384 Patching /home/runner/work/FreeCAD/Qt/6.8.3/gcc_64/lib/libQt6ExamplesAssetDownloader.prl
2025-10-27 00:36:39,410 - aqt.updater - INFO - updater 140296732736384 Patching /home/runner/work/FreeCAD/Qt/6.8.3/gcc_64/lib/libQt6QmlTypeRegistrar.prl
2025-10-27 00:36:39,411 - aqt.updater - INFO - updater 140296732736384 Patching /home/runner/work/FreeCAD/Qt/6.8.3/gcc_64/lib/libQt6LabsAnimation.prl
2025-10-27 00:36:39,411 - aqt.updater - INFO - updater 140296732736384 Patching /home/runner/work/FreeCAD/Qt/6.8.3/gcc_64/lib/libQt6QuickControls2Material.prl
2025-10-27 00:36:39,411 - aqt.updater - INFO - updater 140296732736384 Patching /home/runner/work/FreeCAD/Qt/6.8.3/gcc_64/lib/libQt6QmlCore.prl
2025-10-27 00:36:39,411 - aqt.updater - INFO - updater 140296732736384 Patching /home/runner/work/FreeCAD/Qt/6.8.3/gcc_64/lib/libQt6QmlAssetDownloader.prl
2025-10-27 00:36:39,412 - aqt.updater - INFO - updater 140296732736384 Patching /home/runner/work/FreeCAD/Qt/6.8.3/gcc_64/lib/libQt6Test.prl
2025-10-27 00:36:39,412 - aqt.main - INFO - installer 140296732736384 Finished installation
2025-10-27 00:36:39,412 - aqt.main - INFO - installer 140296732736384 Time elapsed: 19.07709854 second
